<?xml version="1.0" encoding="UTF-8"?>
<!-- Generated by org.testng.reporters.JUnitReportReporter -->
<testsuite hostname="DESKTOP-14E9OCT" failures="0" tests="1" name="com.rwpkeisuke.testCases.TC_DashboardTesting_003" time="87.805" errors="0" timestamp="2022-05-26T07:26:55 IST" skipped="0">
  <testcase classname="com.rwpkeisuke.testCases.TC_DashboardTesting_003" name="DashboardTesting" time="87.805"/>
  <system-out/>
</testsuite> <!-- com.rwpkeisuke.testCases.TC_DashboardTesting_003 -->
